<?xml version="1.0" encoding="UTF-8"?>
<!-- Generated by org.testng.reporters.JUnitReportReporter -->
<testsuite skipped="0" hostname="DESKTOP-CFKOTVR" name="tests.StartApplication" tests="1" failures="0" timestamp="19 Dec 2017 14:12:24 GMT" time="82.972" errors="0">
  <testcase name="test01" time="82.972" classname="tests.StartApplication"/>
</testsuite> <!-- tests.StartApplication -->
